<?xml version="1.0" encoding="UTF-8"?>
<testng-results skipped="0" failed="0" total="2" passed="2">
  <reporter-output>
  </reporter-output>
  <suite name="Command line suite" duration-ms="24" started-at="2018-09-06T17:21:22Z" finished-at="2018-09-06T17:21:22Z">
    <groups>
    </groups>
    <test name="Command line test" duration-ms="24" started-at="2018-09-06T17:21:22Z" finished-at="2018-09-06T17:21:22Z">
      <class name="com.javacodegeeks.testng.maven.TestNgMavenExample">
        <test-method status="PASS" signature="exampleOfTestNgMaven()[pri:0, instance:com.javacodegeeks.testng.maven.TestNgMavenExample@7dc36524]" name="exampleOfTestNgMaven" duration-ms="8" started-at="2018-09-07T01:21:22Z" finished-at="2018-09-07T01:21:22Z">
          <reporter-output>
          </reporter-output>
        </test-method> <!-- exampleOfTestNgMaven -->
      </class> <!-- com.javacodegeeks.testng.maven.TestNgMavenExample -->
      <class name="com.javacodegeeks.testng.maven.TestNgMavenSecondClass">
        <test-method status="PASS" signature="oneMoreTest()[pri:0, instance:com.javacodegeeks.testng.maven.TestNgMavenSecondClass@27f674d]" name="oneMoreTest" duration-ms="0" started-at="2018-09-07T01:21:22Z" finished-at="2018-09-07T01:21:22Z">
          <reporter-output>
          </reporter-output>
        </test-method> <!-- oneMoreTest -->
      </class> <!-- com.javacodegeeks.testng.maven.TestNgMavenSecondClass -->
    </test> <!-- Command line test -->
  </suite> <!-- Command line suite -->
</testng-results>
